---
title: "PostgreSQL EXPLAIN ANALYZE ì™„ë²½ ê°€ì´ë“œ: ì‹¤í–‰ ê³„íš ì½ëŠ” ë²•"
date: 2025-12-04
draft: false
tags: ["PostgreSQL", "Query Optimization", "Performance", "Database", "EXPLAIN"]
summary: "PostgreSQL ì¿¼ë¦¬ ë¶„ì„ì˜ í•µì‹¬ì¸ EXPLAIN ANALYZE ì¶œë ¥ì„ ì™„ë²½íˆ ì´í•´í•œë‹¤. Scan íƒ€ì…, Join ì•Œê³ ë¦¬ì¦˜, Buffer í†µê³„, ë¹„ìš© ê³„ì‚°, í†µê³„ ì‹œìŠ¤í…œê¹Œì§€ ì‹¤í–‰ ê³„íšì˜ ëª¨ë“  ê²ƒì„ ë‹¤ë£¬ë‹¤."
---

ì¿¼ë¦¬ ì„±ëŠ¥ ë¬¸ì œë¥¼ í•´ê²°í•˜ë ¤ë©´ PostgreSQLì´ ì¿¼ë¦¬ë¥¼ **ì–´ë–»ê²Œ** ì‹¤í–‰í•˜ëŠ”ì§€ ì•Œì•„ì•¼ í•œë‹¤. `EXPLAIN ANALYZE`ëŠ” ì´ë¥¼ ìœ„í•œ ê°€ì¥ ê°•ë ¥í•œ ë„êµ¬ë‹¤.

## EXPLAIN vs EXPLAIN ANALYZE

```sql
-- ì‹¤í–‰ ê³„íšë§Œ ë³´ê¸° (ì‹¤ì œ ì‹¤í–‰ ì•ˆ í•¨)
EXPLAIN SELECT * FROM users WHERE id = 1;

-- ì‹¤ì œ ì‹¤í–‰ + ì‹¤í–‰ ê³„íš (ì‹¤ì œ ì‹¤í–‰ë¨!)
EXPLAIN ANALYZE SELECT * FROM users WHERE id = 1;

-- ê¶Œì¥: ëª¨ë“  ì •ë³´ í¬í•¨
EXPLAIN (ANALYZE, BUFFERS, FORMAT TEXT) SELECT * FROM users WHERE id = 1;
```

**ì£¼ì˜**: `EXPLAIN ANALYZE`ëŠ” ì¿¼ë¦¬ë¥¼ ì‹¤ì œë¡œ ì‹¤í–‰í•œë‹¤. `INSERT`, `UPDATE`, `DELETE`ë¥¼ ë¶„ì„í•  ë•ŒëŠ” íŠ¸ëœì­ì…˜ìœ¼ë¡œ ê°ì‹¸ì•¼ í•œë‹¤.

```sql
BEGIN;
EXPLAIN ANALYZE DELETE FROM orders WHERE created_at < '2020-01-01';
ROLLBACK;
```

## ì‹¤í–‰ ê³„íš ê¸°ë³¸ êµ¬ì¡°

```
Seq Scan on users  (cost=0.00..458.00 rows=10000 width=244) (actual time=0.009..2.198 rows=10000 loops=1)
```

ì‹¤í–‰ ê³„íšì€ íŠ¸ë¦¬ êµ¬ì¡°ë‹¤. ë°ì´í„°ëŠ” **ì•„ë˜ì—ì„œ ìœ„ë¡œ** íë¥¸ë‹¤.

```mermaid
flowchart BT
    subgraph "ì‹¤í–‰ ê³„íš íŠ¸ë¦¬"
        direction BT
        S1["Seq Scan on orders"] --> NL["Nested Loop"]
        IS["Index Scan on users"] --> NL
        NL --> SO["Sort"]
        SO --> LIM["Limit"]
        LIM --> R["ê²°ê³¼ ë°˜í™˜"]
    end
```

### cost (ì˜ˆìƒ ë¹„ìš©)

`cost=0.00..458.00`ì˜ ì˜ë¯¸ëŠ” ë‹¤ìŒê³¼ ê°™ë‹¤.
- **0.00**: startup cost (ì²« ë²ˆì§¸ í–‰ ë°˜í™˜ ì „ ë¹„ìš©)
- **458.00**: total cost (ëª¨ë“  í–‰ ë°˜í™˜ê¹Œì§€ì˜ ì´ ë¹„ìš©)

ë¹„ìš© ë‹¨ìœ„ëŠ” ì„ì˜ ë‹¨ìœ„ë‹¤. ë°€ë¦¬ì´ˆê°€ ì•„ë‹ˆë‹¤. ê¸°ë³¸ì ìœ¼ë¡œ Sequential Page Read = 1.0ì„ ê¸°ì¤€ìœ¼ë¡œ í•œë‹¤.

**ë¹„ìš© ê³„ì‚° ê³µì‹**:
```
Seq Scan Cost = (pages Ã— seq_page_cost) + (rows Ã— cpu_tuple_cost)
             = (358 Ã— 1.0) + (10000 Ã— 0.01)
             = 458.00
```

### rows (ì˜ˆìƒ í–‰ ìˆ˜)

í”Œë˜ë„ˆê°€ ì˜ˆì¸¡í•œ ë°˜í™˜ í–‰ ìˆ˜ë‹¤. `pg_statistic`ì˜ í†µê³„ë¥¼ ê¸°ë°˜ìœ¼ë¡œ ê³„ì‚°í•œë‹¤.

**ì‹¤ì œ í–‰ ìˆ˜ì™€ í¬ê²Œ ë‹¤ë¥´ë©´ ë¬¸ì œë‹¤.** í†µê³„ê°€ ì˜¤ë˜ë˜ì—ˆê±°ë‚˜ ìƒê´€ê´€ê³„ê°€ ìˆëŠ” ì»¬ëŸ¼ì¼ ìˆ˜ ìˆë‹¤.

### width (í‰ê·  í–‰ í¬ê¸°)

ë°˜í™˜ë˜ëŠ” í–‰ì˜ í‰ê·  ë°”ì´íŠ¸ í¬ê¸°ë‹¤. ë©”ëª¨ë¦¬ í• ë‹¹ ê³„íšì— ì‚¬ìš©ëœë‹¤.

`width=0`ì´ë©´ ì‹¤ì œ ê°’ì„ ì½ì§€ ì•Šê³  ìœ„ì¹˜(ì£¼ì†Œ)ë§Œ ì½ëŠ” ê²ƒì´ë‹¤.

### actual time, rows, loops

```
(actual time=0.009..2.198 rows=10000 loops=1)
```

- **0.009**: ì²« í–‰ ë°˜í™˜ê¹Œì§€ ì‹¤ì œ ì‹œê°„ (ms)
- **2.198**: ëª¨ë“  í–‰ ë°˜í™˜ê¹Œì§€ ì‹¤ì œ ì‹œê°„ (ms)
- **rows=10000**: ì‹¤ì œ ë°˜í™˜ëœ í–‰ ìˆ˜
- **loops=1**: ì´ ë…¸ë“œê°€ ì‹¤í–‰ëœ íšŸìˆ˜

**loops > 1ì¼ ë•Œ ì£¼ì˜**: actual timeì€ **í‰ê· ê°’**ì´ë‹¤. ì´ ì‹œê°„ì€ `time Ã— loops`ë‹¤.

```
Index Scan on orders  (actual time=0.015..0.020 rows=5 loops=1000)
-- ì‹¤ì œ ì´ ì‹œê°„: 0.020 Ã— 1000 = 20ms
```

---

## Scan Types (ìŠ¤ìº” ë°©ì‹)

PostgreSQLì´ í…Œì´ë¸”ì—ì„œ ë°ì´í„°ë¥¼ ì½ëŠ” ë°©ë²•ì´ë‹¤.

**ì˜ˆì‹œ í…Œì´ë¸”**:

```sql
-- ì‚¬ìš©ì í…Œì´ë¸”
CREATE TABLE users (
    id SERIAL PRIMARY KEY,
    email VARCHAR(255) NOT NULL,
    name VARCHAR(100),
    status VARCHAR(20) DEFAULT 'active',
    created_at TIMESTAMP DEFAULT NOW()
);

-- ì¸ë±ìŠ¤
CREATE INDEX idx_users_email ON users(email);
CREATE INDEX idx_users_status ON users(status);
CREATE INDEX idx_users_email_name ON users(email, name);  -- ë³µí•© ì¸ë±ìŠ¤

-- 10ë§Œ ê±´ ë°ì´í„° ì‚½ì…
INSERT INTO users (email, name, status)
SELECT
    'user' || i || '@example.com',
    'User ' || i,
    CASE WHEN i % 10 = 0 THEN 'inactive' ELSE 'active' END
FROM generate_series(1, 100000) i;

ANALYZE users;
```

### Sequential Scan (Seq Scan)

```mermaid
flowchart LR
    subgraph "Sequential Scan"
        direction LR
        T1[("Table")] --> R1["Row 1"]
        R1 --> R2["Row 2"]
        R2 --> R3["Row 3"]
        R3 --> R4["..."]
        R4 --> RN["Row N"]
    end
```

**ì˜ˆì‹œ ì¿¼ë¦¬**: ëŒ€ë¶€ë¶„ì˜ í–‰ì„ ì¡°íšŒí•˜ê±°ë‚˜, ì¸ë±ìŠ¤ê°€ ì—†ëŠ” ì»¬ëŸ¼ìœ¼ë¡œ í•„í„°ë§

```sql
-- 90%ì˜ í–‰ì´ 'active'ì´ë¯€ë¡œ Seq Scanì´ íš¨ìœ¨ì 
EXPLAIN ANALYZE
SELECT * FROM users WHERE status = 'active';
```

```
Seq Scan on users  (cost=0.00..2137.00 rows=90000 width=52)
  Filter: (status = 'active')
  Rows Removed by Filter: 10000
  actual time=0.013..15.842 rows=90000 loops=1
```

í…Œì´ë¸” ì „ì²´ë¥¼ ì²˜ìŒë¶€í„° ëê¹Œì§€ ìˆœì°¨ì ìœ¼ë¡œ ì½ëŠ”ë‹¤.

**ì–¸ì œ ì‚¬ìš©ë˜ë‚˜?**
- í…Œì´ë¸” ëŒ€ë¶€ë¶„ì˜ í–‰ì„ ì½ì„ ë•Œ
- í…Œì´ë¸”ì´ ë§¤ìš° ì‘ì„ ë•Œ (ëª‡ í˜ì´ì§€)
- ì ì ˆí•œ ì¸ë±ìŠ¤ê°€ ì—†ì„ ë•Œ

**Seq Scanì´ í•­ìƒ ë‚˜ìœ ê±´ ì•„ë‹ˆë‹¤.** ì „ì²´ ë°ì´í„°ì˜ ìƒë‹¹ ë¶€ë¶„ì„ ì½ì–´ì•¼ í•œë‹¤ë©´ Seq Scanì´ ìµœì ì¼ ìˆ˜ ìˆë‹¤.

### Index Scan

```mermaid
flowchart LR
    subgraph "Index Scan"
        direction LR
        I1[("Index")] -->|"ì¡°íšŒ"| I2["ìœ„ì¹˜ ì°¾ê¸°"]
        I2 -->|"ëœë¤ I/O"| T1[("Heap")]
        T1 --> R1["Row"]
    end
```

**ì˜ˆì‹œ ì¿¼ë¦¬**: PK ë˜ëŠ” ì¸ë±ìŠ¤ ì»¬ëŸ¼ìœ¼ë¡œ ì†Œìˆ˜ì˜ í–‰ ì¡°íšŒ

```sql
-- PKë¡œ ë‹¨ì¼ í–‰ ì¡°íšŒ
EXPLAIN ANALYZE
SELECT * FROM users WHERE id = 42;

-- ìœ ë‹ˆí¬í•œ ê°’ìœ¼ë¡œ ì¡°íšŒ
EXPLAIN ANALYZE
SELECT * FROM users WHERE email = 'user500@example.com';
```

```
Index Scan using users_pkey on users  (cost=0.29..8.31 rows=1 width=52)
  Index Cond: (id = 42)
  actual time=0.019..0.020 rows=1 loops=1
```

ì¸ë±ìŠ¤ë¥¼ í†µí•´ ì¡°ê±´ì— ë§ëŠ” í–‰ì˜ ìœ„ì¹˜ë¥¼ ì°¾ê³ , í•´ë‹¹ ìœ„ì¹˜ë¡œ ì§ì ‘ ì´ë™í•´ì„œ ë°ì´í„°ë¥¼ ì½ëŠ”ë‹¤.

**ì–¸ì œ ì‚¬ìš©ë˜ë‚˜?**
- ì†Œìˆ˜ì˜ í–‰ë§Œ í•„ìš”í•  ë•Œ (selectivityê°€ ë†’ì„ ë•Œ)
- ORDER BYê°€ ì¸ë±ìŠ¤ ìˆœì„œì™€ ì¼ì¹˜í•  ë•Œ

**ë‹¨ì **: ëœë¤ I/Oê°€ ë°œìƒí•œë‹¤. ë§ì€ í–‰ì„ ì½ìœ¼ë©´ Seq Scanë³´ë‹¤ ëŠë¦´ ìˆ˜ ìˆë‹¤.

### Bitmap Scan (Bitmap Index Scan + Bitmap Heap Scan)

```mermaid
flowchart LR
    subgraph "Bitmap Scan"
        direction LR
        I1[("Index")] -->|"1. ìŠ¤ìº”"| BM["Bitmap\n(í˜ì´ì§€ ëª©ë¡)"]
        BM -->|"2. ì •ë ¬"| SO["í˜ì´ì§€ ìˆœì„œ\nì •ë ¬"]
        SO -->|"3. ìˆœì°¨ I/O"| T1[("Heap")]
    end
```

**ì˜ˆì‹œ ì¿¼ë¦¬**: ì¤‘ê°„ ê·œëª¨ì˜ ë²”ìœ„ ì¡°íšŒ, ë˜ëŠ” ì—¬ëŸ¬ ì¸ë±ìŠ¤ ì¡°ê±´ ê²°í•©

```sql
-- 10%ì˜ í–‰ ì¡°íšŒ (Index Scanìœ¼ë¡œëŠ” ë„ˆë¬´ ë§ê³ , Seq Scanìœ¼ë¡œëŠ” ì ìŒ)
EXPLAIN ANALYZE
SELECT * FROM users WHERE status = 'inactive';

-- ì—¬ëŸ¬ ì¸ë±ìŠ¤ ì¡°ê±´ ê²°í•© (BitmapAnd)
EXPLAIN ANALYZE
SELECT * FROM users
WHERE status = 'inactive' AND email LIKE 'user1%';
```

```
Bitmap Heap Scan on users  (cost=189.00..1020.25 rows=10000 width=52)
  Recheck Cond: (status = 'inactive')
  ->  Bitmap Index Scan on idx_users_status  (cost=0.00..186.50 rows=10000 width=0)
        Index Cond: (status = 'inactive')
  actual time=1.205..5.842 rows=10000 loops=1
```

Index Scanê³¼ Seq Scanì˜ ì¤‘ê°„ í˜•íƒœë‹¤.

**ë™ì‘ ë°©ì‹**:
1. **Bitmap Index Scan**: ì¸ë±ìŠ¤ì—ì„œ ì¡°ê±´ì— ë§ëŠ” ëª¨ë“  í–‰ì˜ ìœ„ì¹˜ë¥¼ ë¹„íŠ¸ë§µìœ¼ë¡œ ìˆ˜ì§‘
2. **Bitmap Heap Scan**: ë¹„íŠ¸ë§µì„ í˜ì´ì§€ ìˆœì„œëŒ€ë¡œ ì •ë ¬ í›„ ìˆœì°¨ì ìœ¼ë¡œ ì½ê¸°

**ì¥ì **:
- ì—¬ëŸ¬ ì¸ë±ìŠ¤ë¥¼ BitmapAnd/BitmapOrë¡œ ê²°í•© ê°€ëŠ¥
- ëœë¤ I/Oë¥¼ ìˆœì°¨ I/Oë¡œ ë³€í™˜
- Index Scanë³´ë‹¤ ë§ì€ í–‰ì„ íš¨ìœ¨ì ìœ¼ë¡œ ì²˜ë¦¬

**PostgreSQLì˜ Bitmap Scanì€ Oracleì˜ Bitmap Indexì™€ ë‹¤ë¥´ë‹¤.** PostgreSQLì€ ë¬¼ë¦¬ì  Bitmap Indexê°€ ì—†ê³ , B-tree ì¸ë±ìŠ¤ë¥¼ ì‚¬ìš©í•´ ì¿¼ë¦¬ ì‹œì ì— ë™ì ìœ¼ë¡œ ë¹„íŠ¸ë§µì„ ìƒì„±í•œë‹¤.

### Index Only Scan

```mermaid
flowchart LR
    subgraph "Index Only Scan"
        direction LR
        I1[("Index\n(ëª¨ë“  ì»¬ëŸ¼ í¬í•¨)")] -->|"ì¡°íšŒ"| R1["ê²°ê³¼ ë°˜í™˜"]
        VM["Visibility Map"] -.->|"í™•ì¸"| I1
    end
```

**ì˜ˆì‹œ ì¿¼ë¦¬**: SELECT ì ˆì˜ ëª¨ë“  ì»¬ëŸ¼ì´ ì¸ë±ìŠ¤ì— í¬í•¨ëœ ê²½ìš°

```sql
-- ë³µí•© ì¸ë±ìŠ¤ì— í¬í•¨ëœ ì»¬ëŸ¼ë§Œ ì¡°íšŒ
EXPLAIN ANALYZE
SELECT email, name FROM users WHERE email = 'user500@example.com';

-- COUNT ì¿¼ë¦¬ (ì¸ë±ìŠ¤ë§Œìœ¼ë¡œ ì¶©ë¶„)
EXPLAIN ANALYZE
SELECT COUNT(*) FROM users WHERE status = 'active';
```

```
Index Only Scan using idx_users_email_name on users  (cost=0.42..4.44 rows=1 width=32)
  Index Cond: (email = 'user500@example.com')
  Heap Fetches: 0
  actual time=0.025..0.026 rows=1 loops=1
```

ì¸ë±ìŠ¤ë§Œìœ¼ë¡œ ì¿¼ë¦¬ë¥¼ ì™„ë£Œí•œë‹¤. í™(í…Œì´ë¸”)ì— ì ‘ê·¼í•˜ì§€ ì•ŠëŠ”ë‹¤.

**ì¡°ê±´**:
- SELECT ì ˆì˜ ëª¨ë“  ì»¬ëŸ¼ì´ ì¸ë±ìŠ¤ì— í¬í•¨ë˜ì–´ì•¼ í•¨
- Visibility Mapì´ ì—…ë°ì´íŠ¸ë˜ì–´ ìˆì–´ì•¼ í•¨

**Heap Fetchesê°€ ë†’ìœ¼ë©´?**
í…Œì´ë¸”ì´ ìì£¼ ì—…ë°ì´íŠ¸ë˜ì–´ Visibility Mapì´ ì˜¤ë˜ëë‹¤ëŠ” ì˜ë¯¸ë‹¤. `VACUUM`ì„ ì‹¤í–‰í•˜ë©´ ê°œì„ ëœë‹¤.

```sql
-- Visibility Map í™•ì¸
CREATE EXTENSION pg_visibility;
SELECT * FROM pg_visibility('users');
```

### Scan Types ë¹„êµ

| Scan Type | Best For | ì¸ë±ìŠ¤ ì‚¬ìš© | I/O íŒ¨í„´ |
|-----------|----------|------------|---------|
| Seq Scan | ëŒ€ë¶€ë¶„ì˜ í–‰ | No | Sequential |
| Index Scan | ì†Œìˆ˜ì˜ í–‰ | Yes | Random |
| Bitmap Scan | ì¤‘ê°„ ê·œëª¨ | Yes | Sequential (ë³€í™˜ë¨) |
| Index Only Scan | ì¸ë±ìŠ¤ë§Œìœ¼ë¡œ ì¶©ë¶„ | Yes | Minimal |

---

## Join Algorithms (ì¡°ì¸ ì•Œê³ ë¦¬ì¦˜)

PostgreSQLì€ ì„¸ ê°€ì§€ ì¡°ì¸ ì•Œê³ ë¦¬ì¦˜ì„ ì‚¬ìš©í•œë‹¤.

**ì˜ˆì‹œ í…Œì´ë¸”**:

```sql
-- ì£¼ë¬¸ í…Œì´ë¸” (10ë§Œ ê±´)
CREATE TABLE orders (
    id SERIAL PRIMARY KEY,
    user_id INT NOT NULL,
    product_name VARCHAR(100),
    amount DECIMAL(10, 2),
    created_at TIMESTAMP DEFAULT NOW()
);

CREATE INDEX idx_orders_user_id ON orders(user_id);

INSERT INTO orders (user_id, product_name, amount)
SELECT
    (random() * 99999 + 1)::int,
    'Product ' || (random() * 1000)::int,
    (random() * 1000)::decimal(10, 2)
FROM generate_series(1, 100000);

-- users í…Œì´ë¸”ì€ Scan Types ì„¹ì…˜ì—ì„œ ìƒì„±í•œ ê²ƒ ì‚¬ìš©
ANALYZE orders;
```

### Nested Loop Join

```mermaid
flowchart TB
    subgraph "Nested Loop Join"
        direction TB
        O1["Outer Table"] --> L1{"ê° í–‰ë§ˆë‹¤"}
        L1 --> I1["Inner Table\n(Index Scan)"]
        I1 --> R1["ê²°ê³¼"]
        R1 --> L1
    end
```

**ì˜ˆì‹œ ì¿¼ë¦¬**: ì†ŒëŸ‰ì˜ ì£¼ë¬¸ê³¼ ì‚¬ìš©ì ì¡°ì¸ (ë‚´ë¶€ í…Œì´ë¸”ì— ì¸ë±ìŠ¤ ìˆìŒ)

```sql
-- íŠ¹ì • ì‚¬ìš©ìì˜ ì£¼ë¬¸ ì¡°íšŒ (ì™¸ë¶€ í…Œì´ë¸” ì‘ìŒ)
EXPLAIN ANALYZE
SELECT u.name, o.product_name, o.amount
FROM orders o
JOIN users u ON u.id = o.user_id
WHERE o.user_id = 42;

-- LIMITì´ ìˆì–´ì„œ Nested Loop ì„ í˜¸
EXPLAIN ANALYZE
SELECT u.name, o.product_name
FROM orders o
JOIN users u ON u.id = o.user_id
LIMIT 10;
```

```
Nested Loop  (cost=0.57..25.64 rows=5 width=128)
  ->  Index Scan using idx_orders_user_id on orders o  (cost=0.29..12.30 rows=5 width=52)
        Index Cond: (user_id = 42)
  ->  Index Scan using users_pkey on users u  (cost=0.29..2.50 rows=1 width=76)
        Index Cond: (id = o.user_id)
  actual time=0.035..0.089 rows=5 loops=1
```

ì™¸ë¶€ í…Œì´ë¸”ì˜ ê° í–‰ì— ëŒ€í•´ ë‚´ë¶€ í…Œì´ë¸”ì„ ìŠ¤ìº”í•œë‹¤.

**ë³µì¡ë„**: O(n Ã— m) - ë‹¨, ë‚´ë¶€ í…Œì´ë¸”ì— ì¸ë±ìŠ¤ê°€ ìˆìœ¼ë©´ O(n Ã— log m)

**ì–¸ì œ ì¢‹ì€ê°€?**
- í•œìª½ í…Œì´ë¸”ì´ ë§¤ìš° ì‘ì„ ë•Œ
- ë‚´ë¶€ í…Œì´ë¸”ì— íš¨ìœ¨ì ì¸ ì¸ë±ìŠ¤ê°€ ìˆì„ ë•Œ
- OLTP ì‹œìŠ¤í…œì˜ ì§§ì€ ì¿¼ë¦¬

**ì¥ì **: startup costê°€ ì—†ë‹¤. ì²« ë²ˆì§¸ ê²°ê³¼ë¥¼ ì¦‰ì‹œ ë°˜í™˜í•  ìˆ˜ ìˆë‹¤.

### Hash Join

```mermaid
flowchart LR
    subgraph "Hash Join"
        direction LR
        S1["Small Table"] -->|"1. Build"| HT["Hash Table\n(ë©”ëª¨ë¦¬)"]
        L1["Large Table"] -->|"2. Probe"| HT
        HT --> R1["ê²°ê³¼"]
    end
```

**ì˜ˆì‹œ ì¿¼ë¦¬**: ë‘ í…Œì´ë¸” ëª¨ë‘ ëŒ€ëŸ‰ ì¡°íšŒ

```sql
-- ëª¨ë“  ì£¼ë¬¸ê³¼ ì‚¬ìš©ì ì¡°ì¸ (ëŒ€ëŸ‰ ë°ì´í„°)
EXPLAIN ANALYZE
SELECT u.name, o.product_name, o.amount
FROM orders o
JOIN users u ON u.id = o.user_id;

-- ì§‘ê³„ì™€ í•¨ê»˜ ì‚¬ìš© (ì „ì²´ ìŠ¤ìº” í•„ìš”)
EXPLAIN ANALYZE
SELECT u.name, COUNT(*) as order_count, SUM(o.amount) as total
FROM orders o
JOIN users u ON u.id = o.user_id
GROUP BY u.id, u.name;
```

```
Hash Join  (cost=3084.00..5765.00 rows=100000 width=128)
  Hash Cond: (o.user_id = u.id)
  ->  Seq Scan on orders o  (cost=0.00..1834.00 rows=100000 width=52)
  ->  Hash  (cost=1834.00..1834.00 rows=100000 width=76)
        Buckets: 131072  Batches: 1  Memory Usage: 8945kB
        ->  Seq Scan on users u  (cost=0.00..1834.00 rows=100000 width=76)
  actual time=45.123..156.789 rows=100000 loops=1
```

ì‘ì€ í…Œì´ë¸”ë¡œ í•´ì‹œ í…Œì´ë¸”ì„ ë§Œë“¤ê³ , í° í…Œì´ë¸”ì„ ìŠ¤ìº”í•˜ë©° í•´ì‹œ ì¡°íšŒí•œë‹¤.

**ë³µì¡ë„**: O(n + m) - ì„ í˜• ë³µì¡ë„

**ì–¸ì œ ì¢‹ì€ê°€?**
- ë‘ í…Œì´ë¸” ëª¨ë‘ í´ ë•Œ
- Equi-join (= ì¡°ê±´)ì¼ ë•Œ
- `work_mem`ì´ ì¶©ë¶„í•  ë•Œ

**ë‹¨ì **:
- í•´ì‹œ í…Œì´ë¸” ìƒì„± ì™„ë£Œ ì „ê¹Œì§€ ê²°ê³¼ ë°˜í™˜ ë¶ˆê°€ (ë†’ì€ startup cost)
- Equi-joinë§Œ ê°€ëŠ¥ (>, < ë¶ˆê°€)
- `work_mem` ë¶€ì¡± ì‹œ ë””ìŠ¤í¬ ì‚¬ìš©

### Merge Join

```mermaid
flowchart LR
    subgraph "Merge Join"
        direction LR
        T1["Table A"] -->|"ì •ë ¬"| S1["Sorted A"]
        T2["Table B"] -->|"ì •ë ¬"| S2["Sorted B"]
        S1 --> M["Merge\n(ë³‘í•©)"]
        S2 --> M
        M --> R1["ê²°ê³¼"]
    end
```

**ì˜ˆì‹œ ì¿¼ë¦¬**: ì´ë¯¸ ì •ë ¬ë˜ì–´ ìˆê±°ë‚˜ ì •ë ¬ì´ í•„ìš”í•œ ê²½ìš°

```sql
-- ORDER BYê°€ ì¡°ì¸ í‚¤ì™€ ì¼ì¹˜ (ì •ë ¬ ì¬ì‚¬ìš©)
EXPLAIN ANALYZE
SELECT u.id, u.name, o.product_name
FROM users u
JOIN orders o ON o.user_id = u.id
ORDER BY u.id;

-- Hash Joinì´ ë©”ëª¨ë¦¬ ë¶€ì¡±í•  ë•Œ ëŒ€ì•ˆ
SET work_mem = '64kB';  -- ê°•ì œë¡œ Merge Join ìœ ë„
EXPLAIN ANALYZE
SELECT u.name, o.product_name
FROM orders o
JOIN users u ON u.id = o.user_id;
RESET work_mem;
```

```
Merge Join  (cost=0.71..15234.71 rows=100000 width=128)
  Merge Cond: (u.id = o.user_id)
  ->  Index Scan using users_pkey on users u  (cost=0.29..4234.29 rows=100000 width=76)
  ->  Index Scan using idx_orders_user_id on orders o  (cost=0.29..8500.29 rows=100000 width=52)
  actual time=0.045..234.567 rows=100000 loops=1
```

ë‘ í…Œì´ë¸”ì„ ì¡°ì¸ í‚¤ë¡œ ì •ë ¬í•œ í›„ ë³‘í•©í•œë‹¤.

**ë³µì¡ë„**: O(n log n + m log m) - ì •ë ¬ í¬í•¨

**ì–¸ì œ ì¢‹ì€ê°€?**
- ë°ì´í„°ê°€ ì´ë¯¸ ì •ë ¬ë˜ì–´ ìˆì„ ë•Œ (ì¸ë±ìŠ¤)
- Range join (>=, <=)ì´ í•„ìš”í•  ë•Œ
- `work_mem` ë¶€ì¡±ìœ¼ë¡œ Hash Joinì´ ë””ìŠ¤í¬ë¥¼ ì‚¬ìš©í•  ë•Œ

### Semi Join / Anti Join

`EXISTS`, `IN`, `NOT EXISTS`, `NOT IN` ì„œë¸Œì¿¼ë¦¬ì— ì‚¬ìš©ëœë‹¤.

**ì˜ˆì‹œ ì¿¼ë¦¬**: ì£¼ë¬¸ì´ ìˆëŠ” ì‚¬ìš©ìë§Œ ì¡°íšŒ

```sql
-- Semi Join: EXISTS ì‚¬ìš©
EXPLAIN ANALYZE
SELECT u.id, u.name
FROM users u
WHERE EXISTS (SELECT 1 FROM orders o WHERE o.user_id = u.id);

-- Semi Join: IN ì‚¬ìš© (ê°™ì€ ì‹¤í–‰ ê³„íš)
EXPLAIN ANALYZE
SELECT u.id, u.name
FROM users u
WHERE u.id IN (SELECT user_id FROM orders);
```

```
Hash Semi Join  (cost=2693.00..4527.00 rows=63212 width=80)
  Hash Cond: (u.id = o.user_id)
  ->  Seq Scan on users u  (cost=0.00..1834.00 rows=100000 width=80)
  ->  Hash  (cost=1834.00..1834.00 rows=100000 width=4)
        ->  Seq Scan on orders o  (cost=0.00..1834.00 rows=100000 width=4)
  actual time=25.123..89.456 rows=63212 loops=1
```

**Semi Join**: ë§¤ì¹­ë˜ëŠ” ì²« ë²ˆì§¸ í–‰ë§Œ ì°¾ìœ¼ë©´ ì¤‘ë‹¨ (EXISTS)
**Anti Join**: ë§¤ì¹­ë˜ëŠ” í–‰ì´ ì—†ì„ ë•Œë§Œ ë°˜í™˜ (NOT EXISTS)

**ì˜ˆì‹œ ì¿¼ë¦¬**: ì£¼ë¬¸ì´ ì—†ëŠ” ì‚¬ìš©ì ì¡°íšŒ

```sql
-- Anti Join: NOT EXISTS ì‚¬ìš© (ê¶Œì¥)
EXPLAIN ANALYZE
SELECT u.id, u.name
FROM users u
WHERE NOT EXISTS (SELECT 1 FROM orders o WHERE o.user_id = u.id);
```

```
Hash Anti Join  (cost=2693.00..4527.00 rows=36788 width=80)
  Hash Cond: (u.id = o.user_id)
  ->  Seq Scan on users u  (cost=0.00..1834.00 rows=100000 width=80)
  ->  Hash  (cost=1834.00..1834.00 rows=100000 width=4)
        ->  Seq Scan on orders o  (cost=0.00..1834.00 rows=100000 width=4)
  actual time=25.123..95.678 rows=36788 loops=1
```

**ì¤‘ìš”**: `NOT IN`ì€ NULL ì²˜ë¦¬ ë¬¸ì œë¡œ ë¹„íš¨ìœ¨ì ì¼ ìˆ˜ ìˆë‹¤. **í•­ìƒ `NOT EXISTS`ë¥¼ ì‚¬ìš©í•˜ë¼.**

```sql
-- ë¹„ê¶Œì¥: NOT IN (NULLì´ ìˆìœ¼ë©´ ì „ì²´ ê²°ê³¼ê°€ ë¹ˆ ì§‘í•©)
SELECT * FROM orders WHERE user_id NOT IN (SELECT id FROM banned_users);

-- ê¶Œì¥: NOT EXISTS
SELECT * FROM orders o
WHERE NOT EXISTS (SELECT 1 FROM banned_users b WHERE b.id = o.user_id);
```

### Join Algorithm ë¹„êµ

| Algorithm | ë³µì¡ë„ | Startup Cost | Best For |
|-----------|--------|--------------|----------|
| Nested Loop | O(nÃ—m) | ë‚®ìŒ | ì‘ì€ í…Œì´ë¸”, ì¸ë±ìŠ¤ ìˆìŒ |
| Hash Join | O(n+m) | ë†’ìŒ | í° í…Œì´ë¸”, Equi-join |
| Merge Join | O(n log n) | ì¤‘ê°„ | ì •ë ¬ëœ ë°ì´í„°, Range join |

---

## Buffer í†µê³„

`EXPLAIN (ANALYZE, BUFFERS)`ë¡œ I/O íŒ¨í„´ì„ ë¶„ì„í•œë‹¤.

```mermaid
flowchart LR
    subgraph "PostgreSQL Buffer êµ¬ì¡°"
        direction LR
        Q["Query"] --> SB["shared_buffers\n(PostgreSQL ìºì‹œ)"]
        SB -->|"hit"| R["ê²°ê³¼"]
        SB -->|"miss"| OS["OS Page Cache"]
        OS -->|"hit"| SB
        OS -->|"miss"| D[("Disk")]
        D --> OS
    end
```

```mermaid
flowchart TB
    subgraph "Buffer ìƒíƒœ"
        direction TB
        HIT["shared hit\nâœ… ìºì‹œ íˆíŠ¸\n(ê°€ì¥ ë¹ ë¦„)"]
        READ["shared read\nâš ï¸ ë””ìŠ¤í¬/OSìºì‹œ\n(ëŠë¦¼)"]
        DIRTY["shared dirtied\nğŸ”„ í˜ì´ì§€ ìˆ˜ì •ë¨"]
        WRITTEN["shared written\nğŸ’¾ ë””ìŠ¤í¬ì— ê¸°ë¡"]
    end
```

```
Seq Scan on large_table  (cost=0.00..18334.00 rows=1000000 width=37)
  Buffers: shared hit=512 read=7822 dirtied=10 written=5
```

### Buffer ì¢…ë¥˜ (Prefix)

- **shared**: ì¼ë°˜ í…Œì´ë¸”/ì¸ë±ìŠ¤ ë°ì´í„°
- **local**: ì„ì‹œ í…Œì´ë¸” ë°ì´í„°
- **temp**: ì •ë ¬, í•´ì‹œ ë“± ì¤‘ê°„ ì‘ì—… ë°ì´í„°

### Buffer ìƒíƒœ (Suffix)

| ìƒíƒœ | ì˜ë¯¸ |
|------|------|
| **hit** | shared_buffers ìºì‹œì—ì„œ ì½ìŒ (ë¹ ë¦„) |
| **read** | ë””ìŠ¤í¬ ë˜ëŠ” OS ìºì‹œì—ì„œ ì½ìŒ (ëŠë¦¼) |
| **dirtied** | ì´ ì¿¼ë¦¬ê°€ í˜ì´ì§€ë¥¼ ìˆ˜ì •í•¨ |
| **written** | ìºì‹œì—ì„œ ë””ìŠ¤í¬ë¡œ ì“°ì—¬ì§„ í˜ì´ì§€ |

### í•´ì„ ë°©ë²•

```
Buffers: shared hit=10000 read=500
```

- ì´ 10,500 ë¸”ë¡ ì ‘ê·¼
- ìºì‹œ íˆíŠ¸ìœ¨: 10000 / 10500 = 95.2%

**readê°€ ë†’ìœ¼ë©´?**
- ì²« ì‹¤í–‰ì´ë¼ ë°ì´í„°ê°€ ìºì‹œì— ì—†ìŒ (warm-up í•„ìš”)
- `shared_buffers`ê°€ ì‘ìŒ
- ë°ì´í„°ì…‹ì´ ë©”ëª¨ë¦¬ë³´ë‹¤ í¼

**dirtied/writtenì´ SELECTì—ì„œ ë‚˜íƒ€ë‚˜ë©´?**
hint bits ì—…ë°ì´íŠ¸ ë•Œë¬¸ì´ë‹¤. VACUUMì´ í•˜ëŠ” ì¼ì„ SELECTê°€ ëŒ€ì‹ í•œ ê²ƒì´ë‹¤.

---

## í†µê³„ì™€ ì¹´ë””ë„ë¦¬í‹° ì¶”ì •

PostgreSQL í”Œë˜ë„ˆëŠ” `pg_statistic`ì˜ í†µê³„ë¥¼ ì‚¬ìš©í•´ ì‹¤í–‰ ê³„íšì„ ê²°ì •í•œë‹¤.

### í†µê³„ ìˆ˜ì§‘

```sql
-- ìˆ˜ë™ í†µê³„ ìˆ˜ì§‘
ANALYZE users;

-- íŠ¹ì • ì»¬ëŸ¼ë§Œ
ANALYZE users (email, status);

-- í†µê³„ ìƒì„¸ë„ ì¡°ì • (ê¸°ë³¸ê°’: 100, ìµœëŒ€: 10000)
ALTER TABLE users ALTER COLUMN status SET STATISTICS 500;
ANALYZE users;
```

### ì£¼ìš” í†µê³„ í•­ëª©

**pg_stats ë·°ì—ì„œ í™•ì¸:**

```sql
SELECT attname, n_distinct, most_common_vals, most_common_freqs, histogram_bounds
FROM pg_stats
WHERE tablename = 'users' AND attname = 'status';
```

| í•­ëª© | ì„¤ëª… |
|------|------|
| n_distinct | ê³ ìœ ê°’ ê°œìˆ˜ (-1ì´ë©´ ëª¨ë‘ ê³ ìœ ) |
| most_common_vals | ê°€ì¥ í”í•œ ê°’ë“¤ |
| most_common_freqs | ê° ê°’ì˜ ë¹ˆë„ |
| histogram_bounds | ê°’ ë¶„í¬ íˆìŠ¤í† ê·¸ë¨ |

### Selectivity ê³„ì‚°

```sql
-- ì˜ˆ: status = 'active' ì¡°ê±´ì˜ selectivity
-- most_common_valsì— 'active'ê°€ ìˆê³  ë¹ˆë„ê°€ 0.3ì´ë©´
-- selectivity = 0.3

-- ì˜ˆìƒ í–‰ ìˆ˜ = ì „ì²´ í–‰ ìˆ˜ Ã— selectivity
-- rows = 10000 Ã— 0.3 = 3000
```

### ìƒê´€ê´€ê³„ ë¬¸ì œ

```sql
-- ë¬¸ì œ: cityì™€ countryëŠ” ìƒê´€ê´€ê³„ê°€ ìˆìŒ
SELECT * FROM addresses
WHERE city = 'Seoul' AND country = 'Korea';
```

PostgreSQLì€ ê° ì¡°ê±´ì„ ë…ë¦½ì ìœ¼ë¡œ ê³„ì‚°í•œë‹¤.
```
selectivity = selectivity(city='Seoul') Ã— selectivity(country='Korea')
            = 0.01 Ã— 0.05 = 0.0005
```

ì‹¤ì œë¡œëŠ” Seoulì´ë©´ ê±°ì˜ Koreaì¸ë°, í”Œë˜ë„ˆëŠ” ì´ë¥¼ ëª¨ë¥¸ë‹¤.

**í•´ê²°: Extended Statistics**

```sql
CREATE STATISTICS city_country_stats (dependencies) ON city, country FROM addresses;
ANALYZE addresses;
```

### ì˜ˆìƒ vs ì‹¤ì œ í–‰ ìˆ˜

```
Seq Scan on users  (cost=... rows=100) (actual ... rows=10000)
```

**rows ì˜ˆìƒì¹˜ê°€ í¬ê²Œ í‹€ë¦¬ë©´?**
1. `ANALYZE` ì‹¤í–‰ (í†µê³„ ê°±ì‹ )
2. ìƒê´€ê´€ê³„ ì»¬ëŸ¼ì— Extended Statistics ìƒì„±
3. `default_statistics_target` ì¦ê°€

---

## ì£¼ìš” ì„¤ì •ê°’

### ë¹„ìš© ê³„ì‚° íŒŒë¼ë¯¸í„°

| íŒŒë¼ë¯¸í„° | ê¸°ë³¸ê°’ | ì„¤ëª… |
|----------|--------|------|
| seq_page_cost | 1.0 | Sequential page read ë¹„ìš© |
| random_page_cost | 4.0 | Random page read ë¹„ìš© |
| cpu_tuple_cost | 0.01 | í–‰ ì²˜ë¦¬ ë¹„ìš© |
| cpu_index_tuple_cost | 0.005 | ì¸ë±ìŠ¤ í•­ëª© ì²˜ë¦¬ ë¹„ìš© |
| cpu_operator_cost | 0.0025 | ì—°ì‚°ì/í•¨ìˆ˜ ì‹¤í–‰ ë¹„ìš© |

**SSD í™˜ê²½ì—ì„œëŠ” random_page_costë¥¼ ë‚®ì¶°ë¼:**

```sql
-- SSDì—ì„œ ê¶Œì¥
SET random_page_cost = 1.1;

-- ë˜ëŠ” í…Œì´ë¸”ìŠ¤í˜ì´ìŠ¤ë³„ ì„¤ì •
ALTER TABLESPACE fast_ssd SET (random_page_cost = 1.1);
```

### ë©”ëª¨ë¦¬ ì„¤ì •

#### work_mem

ì •ë ¬, í•´ì‹œ ì¡°ì¸ ë“±ì— ì‚¬ìš©ë˜ëŠ” ë©”ëª¨ë¦¬ë‹¤.

```sql
-- ì„¸ì…˜ë³„ ì„¤ì •
SET work_mem = '256MB';

-- EXPLAINì—ì„œ í™•ì¸
Sort  (cost=...)
  Sort Method: external merge  Disk: 102400kB  -- work_mem ë¶€ì¡±!
```

**"external merge Disk"ê°€ ë³´ì´ë©´** work_memì„ ëŠ˜ë ¤ì•¼ í•œë‹¤.

**ì£¼ì˜**: work_memì€ ì¿¼ë¦¬ë‹¹ì´ ì•„ë‹ˆë¼ **ì‘ì—…ë‹¹**ì´ë‹¤. ë³µì¡í•œ ì¿¼ë¦¬ëŠ” ì—¬ëŸ¬ ë°°ì˜ work_memì„ ì‚¬ìš©í•  ìˆ˜ ìˆë‹¤.

```
work_mem Ã— ì •ë ¬/í•´ì‹œ ê°œìˆ˜ Ã— ë™ì‹œ ì—°ê²° ìˆ˜ = ì´ ë©”ëª¨ë¦¬ ì‚¬ìš©ëŸ‰
```

#### effective_cache_size

í”Œë˜ë„ˆì—ê²Œ "ìºì‹œë¡œ ì‚¬ìš© ê°€ëŠ¥í•œ ì´ ë©”ëª¨ë¦¬"ë¥¼ ì•Œë ¤ì¤€ë‹¤. ì‹¤ì œ ë©”ëª¨ë¦¬ë¥¼ í• ë‹¹í•˜ì§€ëŠ” ì•ŠëŠ”ë‹¤.

```sql
-- ì´ ë©”ëª¨ë¦¬ì˜ 50~75%ë¡œ ì„¤ì •
SET effective_cache_size = '4GB';
```

**ê°’ì´ ë†’ìœ¼ë©´**: ì¸ë±ìŠ¤ ìŠ¤ìº” ì„ í˜¸
**ê°’ì´ ë‚®ìœ¼ë©´**: Sequential ìŠ¤ìº” ì„ í˜¸

---

## ë³‘ë ¬ ì¿¼ë¦¬

```mermaid
flowchart TB
    subgraph "ë³‘ë ¬ ì¿¼ë¦¬ êµ¬ì¡°"
        direction TB
        L["Leader Process"] --> G["Gather"]
        W1["Worker 1\nParallel Seq Scan"] --> G
        W2["Worker 2\nParallel Seq Scan"] --> G
        W3["Worker 3\nParallel Seq Scan"] --> G
        G --> R["ê²°ê³¼"]
    end
```

```
Gather  (cost=1000.00..9876.54 rows=100000 width=244)
  Workers Planned: 4
  Workers Launched: 4
  ->  Parallel Seq Scan on large_table  (cost=0.00..8765.43 rows=25000 width=244)
        Filter: (status = 'active')
```

### Gather vs Gather Merge

- **Gather**: ì›Œì»¤ë“¤ì˜ ê²°ê³¼ë¥¼ ì„ì˜ ìˆœì„œë¡œ ìˆ˜ì§‘
- **Gather Merge**: ì •ë ¬ ìˆœì„œë¥¼ ìœ ì§€í•˜ë©° ë³‘í•©

### Workers Planned vs Launched

- **Planned**: í”Œë˜ë„ˆê°€ ê³„íší•œ ì›Œì»¤ ìˆ˜
- **Launched**: ì‹¤ì œ ì‹œì‘ëœ ì›Œì»¤ ìˆ˜

Launched < Plannedë©´ ì›Œì»¤ ë¶€ì¡±ì´ë‹¤.

### ê´€ë ¨ ì„¤ì •

```sql
-- ì¿¼ë¦¬ë‹¹ ìµœëŒ€ ì›Œì»¤ ìˆ˜
SET max_parallel_workers_per_gather = 4;

-- ì „ì²´ ë³‘ë ¬ ì›Œì»¤ ìˆ˜
SET max_parallel_workers = 8;

-- ë³‘ë ¬ ì¿¼ë¦¬ ì‹œì‘ ì„ê³„ê°’
SET min_parallel_table_scan_size = '8MB';
```

---

## ì‹¤ì „ ìµœì í™” ì²´í¬ë¦¬ìŠ¤íŠ¸

### 1. ì˜ˆìƒ vs ì‹¤ì œ í–‰ ìˆ˜ í™•ì¸

```
rows=100 (ì˜ˆìƒ) vs rows=10000 (ì‹¤ì œ)
```

10ë°° ì´ìƒ ì°¨ì´ë‚˜ë©´ `ANALYZE` ì‹¤í–‰.

### 2. Seq Scanì´ ì˜ë„ì¹˜ ì•Šê²Œ ë°œìƒí•˜ëŠ”ê°€?

ì¸ë±ìŠ¤ê°€ ìˆëŠ”ë° Seq Scanì´ë©´ ì›ì¸ì€ ëŒ€ì²´ë¡œ ì„¸ ê°€ì§€ë‹¤.
- `random_page_cost`ê°€ ë„ˆë¬´ ë†’ìŒ
- í†µê³„ê°€ ì˜¤ë˜ë¨
- ë„ˆë¬´ ë§ì€ í–‰ì„ ì¡°íšŒí•´ì„œ Seq Scanì´ ì‹¤ì œë¡œ ìµœì 

### 3. Nested Loopì˜ loopsê°€ ë†’ì€ê°€?

```
->  Index Scan  (actual ... loops=100000)
```

ë‚´ë¶€ í…Œì´ë¸” ìŠ¤ìº”ì´ 10ë§Œ ë²ˆì´ë©´ Hash Joinìœ¼ë¡œ ë°”ê¾¸ëŠ” ê²Œ ë‚˜ì„ ìˆ˜ ìˆë‹¤.

### 4. ë””ìŠ¤í¬ ì •ë ¬ì´ ë°œìƒí•˜ëŠ”ê°€?

```
Sort Method: external merge  Disk: 102400kB
```

`work_mem`ì„ ëŠ˜ë ¤ì„œ ë©”ëª¨ë¦¬ ì •ë ¬ë¡œ ì „í™˜.

### 5. Buffer readê°€ ë†’ì€ê°€?

```
Buffers: shared hit=100 read=50000
```

ìºì‹œ íˆíŠ¸ìœ¨ì´ ë‚®ìœ¼ë©´ `shared_buffers` ì¦ê°€ ê³ ë ¤.

### 6. Heap Fetchesê°€ ë†’ì€ê°€?

```
Index Only Scan  ...  Heap Fetches: 8500
```

`VACUUM`ì„ ì‹¤í–‰í•´ì„œ Visibility Map ê°±ì‹ .

---

## ìœ ìš©í•œ ë„êµ¬

### explain.dalibo.com

ì‹¤í–‰ ê³„íšì„ ì‹œê°í™”í•´ì¤€ë‹¤.

```sql
EXPLAIN (ANALYZE, COSTS, VERBOSE, BUFFERS, FORMAT JSON)
SELECT * FROM users WHERE status = 'active';
```

JSON ì¶œë ¥ì„ ë¶™ì—¬ë„£ìœ¼ë©´ íŠ¸ë¦¬ êµ¬ì¡°ë¡œ ì‹œê°í™”ëœë‹¤.

### auto_explain

ëŠë¦° ì¿¼ë¦¬ì˜ ì‹¤í–‰ ê³„íšì„ ìë™ìœ¼ë¡œ ë¡œê¹…í•œë‹¤.

```sql
-- postgresql.conf
shared_preload_libraries = 'auto_explain'
auto_explain.log_min_duration = '1s'
auto_explain.log_analyze = true
auto_explain.log_buffers = true
```

### pg_stat_statements

ì¿¼ë¦¬ë³„ ì‹¤í–‰ í†µê³„ë¥¼ ìˆ˜ì§‘í•œë‹¤.

```sql
SELECT query, calls, mean_exec_time, rows
FROM pg_stat_statements
ORDER BY mean_exec_time DESC
LIMIT 10;
```

---

## ì •ë¦¬

EXPLAIN ANALYZEë¥¼ íš¨ê³¼ì ìœ¼ë¡œ ì‚¬ìš©í•˜ë ¤ë©´ ë‹¤ìŒì„ ê¸°ì–µí•˜ì.

1. **cost, rows, width**ì˜ ì˜ë¯¸ë¥¼ ì´í•´í•˜ë¼
2. **Scan íƒ€ì…**ë³„ íŠ¹ì„±ê³¼ ì í•©í•œ ìƒí™©ì„ íŒŒì•…í•˜ë¼
3. **Join ì•Œê³ ë¦¬ì¦˜**ë³„ ë³µì¡ë„ì™€ íŠ¸ë ˆì´ë“œì˜¤í”„ë¥¼ ì•Œì•„ë¼
4. **Buffer í†µê³„**ë¡œ I/O íŒ¨í„´ì„ ë¶„ì„í•˜ë¼
5. **í†µê³„ ì‹œìŠ¤í…œ**ì´ ì–´ë–»ê²Œ ì‘ë™í•˜ëŠ”ì§€ ì´í•´í•˜ê³  ìµœì‹  ìƒíƒœë¡œ ìœ ì§€í•˜ë¼
6. **ì„¤ì •ê°’**ì„ í™˜ê²½ì— ë§ê²Œ íŠœë‹í•˜ë¼

ì¿¼ë¦¬ ìµœì í™”ëŠ” "ì˜ˆìƒê³¼ ì‹¤ì œì˜ ì°¨ì´"ë¥¼ ì¤„ì´ëŠ” ì‘ì—…ì´ë‹¤. EXPLAIN ANALYZEê°€ ë³´ì—¬ì£¼ëŠ” ìˆ«ìë“¤ì„ ì½ì„ ìˆ˜ ìˆë‹¤ë©´, ì–´ë””ì„œ ë¬¸ì œê°€ ë°œìƒí•˜ëŠ”ì§€ ì •í™•íˆ ì§šì–´ë‚¼ ìˆ˜ ìˆë‹¤.

### ì°¸ê³  ìë£Œ

**ê³µì‹ ë¬¸ì„œ**
- [PostgreSQL EXPLAIN Documentation](https://www.postgresql.org/docs/current/sql-explain.html)
- [Using EXPLAIN](https://www.postgresql.org/docs/current/using-explain.html)
- [Query Planning Configuration](https://www.postgresql.org/docs/current/runtime-config-query.html)

**Scan & Join**
- [PostgreSQL Indexing: Index Scan vs Bitmap Scan vs Sequential Scan - CYBERTEC](https://www.cybertec-postgresql.com/en/postgresql-indexing-index-scan-vs-bitmap-scan-vs-sequential-scan-basics/)
- [Join Strategies and Performance in PostgreSQL - CYBERTEC](https://www.cybertec-postgresql.com/en/join-strategies-and-performance-in-postgresql/)
- [One Index, Three Different PostgreSQL Scan Types - Percona](https://www.percona.com/blog/one-index-three-different-postgresql-scan-types-bitmap-index-and-index-only/)

**Semi Join & Anti Join**
- [Optimize PostgreSQL Semi-Joins and Anti-Joins](https://postgresqlblog.hashnode.dev/essential-tips-for-optimizing-postgresql-semi-joins-and-anti-joins)
- [SQL Optimizations in PostgreSQL: IN vs EXISTS vs ANY/ALL vs JOIN - Percona](https://www.percona.com/blog/sql-optimizations-in-postgresql-in-vs-exists-vs-any-all-vs-join/)

**ì„±ëŠ¥ íŠœë‹**
- [How to Tune PostgreSQL Memory - EDB](https://www.enterprisedb.com/postgres-tutorials/how-tune-postgresql-memory)
- [effective_cache_size: What it means - CYBERTEC](https://www.cybertec-postgresql.com/en/effective_cache_size-what-it-means-in-postgresql/)
- [Reading a Postgres EXPLAIN ANALYZE Query Plan - Thoughtbot](https://thoughtbot.com/blog/reading-an-explain-analyze-query-plan)

**Buffer & Statistics**
- [Explaining the Unexplainable â€“ Part 6: Buffers - depesz](https://www.depesz.com/2021/06/20/explaining-the-unexplainable-part-6-buffers/)
- [Cardinality Estimation in PostgreSQL - Netdata](https://www.netdata.cloud/academy/cardinality-estimation-in-postgres/)

**ë„êµ¬**
- [explain.dalibo.com](https://explain.dalibo.com/) - ì‹¤í–‰ ê³„íš ì‹œê°í™”
- [pgMustard](https://www.pgmustard.com/) - ì‹¤í–‰ ê³„íš ë¶„ì„ ë„êµ¬
